[debug] [2023-10-05T10:22:55.755Z] ----------------------------------------------------------------------
[debug] [2023-10-05T10:22:55.757Z] Command:       C:\Program Files\nodejs\node.exe C:\Users\ashraf\AppData\Roaming\npm\node_modules\firebase-tools\lib\bin\firebase.js deploy
[debug] [2023-10-05T10:22:55.758Z] CLI Version:   12.6.1
[debug] [2023-10-05T10:22:55.758Z] Platform:      win32
[debug] [2023-10-05T10:22:55.758Z] Node Version:  v18.16.0
[debug] [2023-10-05T10:22:55.760Z] Time:          Thu Oct 05 2023 12:22:55 GMT+0200 (Eastern European Standard Time)
[debug] [2023-10-05T10:22:55.760Z] ----------------------------------------------------------------------
[debug] 
[debug] [2023-10-05T10:22:55.765Z] >>> [apiv2][query] GET https://firebase-public.firebaseio.com/cli.json [none]
[debug] [2023-10-05T10:22:55.930Z] > command requires scopes: ["email","openid","https://www.googleapis.com/auth/cloudplatformprojects.readonly","https://www.googleapis.com/auth/firebase","https://www.googleapis.com/auth/cloud-platform"]
[debug] [2023-10-05T10:22:55.931Z] > authorizing via signed-in user (ashrafmohamed1176@gmail.com)
[debug] [2023-10-05T10:22:55.932Z] [iam] checking project ashraf-mohamed-1 for permissions ["firebase.projects.get","firebasehosting.sites.update"]
[debug] [2023-10-05T10:22:55.933Z] > refreshing access token with scopes: []
[debug] [2023-10-05T10:22:55.934Z] >>> [apiv2][query] POST https://www.googleapis.com/oauth2/v3/token [none]
[debug] [2023-10-05T10:22:55.934Z] >>> [apiv2][body] POST https://www.googleapis.com/oauth2/v3/token [omitted]
[debug] [2023-10-05T10:23:13.973Z] <<< [apiv2][status] GET https://firebase-public.firebaseio.com/cli.json 200
[debug] [2023-10-05T10:23:13.974Z] <<< [apiv2][body] GET https://firebase-public.firebaseio.com/cli.json {"cloudBuildErrorAfter":1594252800000,"cloudBuildWarnAfter":1590019200000,"defaultNode10After":1594252800000,"minVersion":"3.0.5","node8DeploysDisabledAfter":1613390400000,"node8RuntimeDisabledAfter":1615809600000,"node8WarnAfter":1600128000000}
[debug] [2023-10-05T10:23:58.308Z] *** [apiv2] error from fetch(https://www.googleapis.com/oauth2/v3/token, {"headers":{},"method":"POST","body":{"_overheadLength":545,"_valueLength":212,"_valuesToMeasure":[],"writable":false,"readable":true,"dataSize":0,"maxDataSize":2097152,"pauseStreams":true,"_released":true,"_streams":[],"_currentStream":null,"_insideLoop":false,"_pendingNext":false,"_boundary":"--------------------------966027720541140392524892","_events":{},"_eventsCount":1}}): FetchError: request to https://www.googleapis.com/oauth2/v3/token failed, reason: socket hang up
[debug] [2023-10-05T10:23:58.309Z] [iam] error while checking permissions, command may fail: FirebaseError: Authentication Error: Your credentials are no longer valid. Please run firebase login --reauth

For CI servers and headless environments, generate a new token with firebase login:ci
[debug] [2023-10-05T10:23:58.311Z] > refreshing access token with scopes: []
[debug] [2023-10-05T10:23:58.311Z] >>> [apiv2][query] POST https://www.googleapis.com/oauth2/v3/token [none]
[debug] [2023-10-05T10:23:58.312Z] >>> [apiv2][body] POST https://www.googleapis.com/oauth2/v3/token [omitted]
[debug] [2023-10-05T10:24:06.557Z] <<< [apiv2][status] POST https://www.googleapis.com/oauth2/v3/token 200
[debug] [2023-10-05T10:24:06.557Z] <<< [apiv2][body] POST https://www.googleapis.com/oauth2/v3/token [omitted]
[debug] [2023-10-05T10:24:06.574Z] >>> [apiv2][query] GET https://firebase.googleapis.com/v1beta1/projects/ashraf-mohamed-1 [none]
[debug] [2023-10-05T10:24:20.444Z] *** [apiv2] error from fetch(https://firebase.googleapis.com/v1beta1/projects/ashraf-mohamed-1, {"headers":{},"method":"GET","signal":{}}): FetchError: request to https://firebase.googleapis.com/v1beta1/projects/ashraf-mohamed-1 failed, reason: socket hang up
[debug] [2023-10-05T10:24:20.445Z] Failed to make request to https://firebase.googleapis.com/v1beta1/projects/ashraf-mohamed-1 (original: request to https://firebase.googleapis.com/v1beta1/projects/ashraf-mohamed-1 failed, reason: socket hang up)
[debug] [2023-10-05T10:24:25.475Z] Error: Timed out.
    at Timeout._onTimeout (C:\Users\ashraf\AppData\Roaming\npm\node_modules\firebase-tools\lib\utils.js:254:49)
    at listOnTimeout (node:internal/timers:569:17)
    at process.processTimers (node:internal/timers:512:7)
[error] 
[error] Error: An unexpected error has occurred.
